<?xml version="1.0" encoding="UTF-8"?>
<!-- Generated by org.testng.reporters.JUnitReportReporter -->
<testsuite hostname="ADITYA" failures="0" tests="1" name="pac1_maven.ContactTest" time="0.003" errors="0" timestamp="07 Jun 2024 11:20:01 GMT" skipped="0">
  <testcase classname="pac1_maven.ContactTest" name="modifyContactTest" time="0.003"/>
</testsuite> <!-- pac1_maven.ContactTest -->
