<?xml version="1.0" encoding="UTF-8"?>
<!-- Generated by org.testng.reporters.JUnitReportReporter -->
<testsuite hostname="ADITYA" failures="0" tests="1" name="pac2_maven.OrgTest" time="0.023" errors="0" timestamp="07 Jun 2024 11:20:01 GMT" skipped="0">
  <testcase classname="pac2_maven.OrgTest" name="modifyOrgTest" time="0.023"/>
</testsuite> <!-- pac2_maven.OrgTest -->
